# JRE version: Java(TM) SE Runtime Environment (8.0_102-b14) (build 1.8.0_102-b14)
# Java VM: Java HotSpot(TM) 64-Bit Server VM (25.102-b14 mixed mode windows-amd64 compressed oops)
Heap:
 PSYoungGen      total 275968K, used 115350K [0x00000000eab00000, 0x0000000100000000, 0x0000000100000000)
  eden space 207360K, 49% used [0x00000000eab00000,0x00000000f0fad820,0x00000000f7580000)
  from space 68608K, 17% used [0x00000000fb600000,0x00000000fc1f8040,0x00000000ff900000)
  to   space 66048K, 0% used [0x00000000f7580000,0x00000000f7580000,0x00000000fb600000)
 ParOldGen       total 184832K, used 64132K [0x00000000c0000000, 0x00000000cb480000, 0x00000000eab00000)
  object space 184832K, 34% used [0x00000000c0000000,0x00000000c3ea1338,0x00000000cb480000)
 Metaspace       used 69285K, capacity 72714K, committed 72960K, reserved 1112064K
  class space    used 9022K, capacity 9691K, committed 9728K, reserved 1048576K
GC Heap History (10 events):
Event: 594.787 GC heap before
{Heap before GC invocations=39 (full 6):
 PSYoungGen      total 270848K, used 234001K [0x00000000eab00000, 0x0000000100000000, 0x0000000100000000)
  eden space 197120K, 100% used [0x00000000eab00000,0x00000000f6b80000,0x00000000f6b80000)
  from space 73728K, 50% used [0x00000000fb280000,0x00000000fd684458,0x00000000ffa80000)
  to   space 72704K, 0% used [0x00000000f6b80000,0x00000000f6b80000,0x00000000fb280000)
 ParOldGen       total 184832K, used 63281K [0x00000000c0000000, 0x00000000cb480000, 0x00000000eab00000)
  object space 184832K, 34% used [0x00000000c0000000,0x00000000c3dcc5b0,0x00000000cb480000)
 Metaspace       used 68728K, capacity 71826K, committed 72064K, reserved 1112064K
  class space    used 8946K, capacity 9587K, committed 9600K, reserved 1048576K
Event: 594.805 GC heap after
Heap after GC invocations=39 (full 6):
 PSYoungGen      total 269824K, used 7992K [0x00000000eab00000, 0x00000000ffd00000, 0x0000000100000000)
  eden space 197120K, 0% used [0x00000000eab00000,0x00000000eab00000,0x00000000f6b80000)
  from space 72704K, 10% used [0x00000000f6b80000,0x00000000f734e3f8,0x00000000fb280000)
  to   space 71680K, 0% used [0x00000000fb700000,0x00000000fb700000,0x00000000ffd00000)
 ParOldGen       total 184832K, used 63289K [0x00000000c0000000, 0x00000000cb480000, 0x00000000eab00000)
  object space 184832K, 34% used [0x00000000c0000000,0x00000000c3dce5b0,0x00000000cb480000)
 Metaspace       used 68728K, capacity 71826K, committed 72064K, reserved 1112064K
  class space    used 8946K, capacity 9587K, committed 9600K, reserved 1048576K
}
Event: 640.037 GC heap before
{Heap before GC invocations=40 (full 6):
 PSYoungGen      total 269824K, used 205112K [0x00000000eab00000, 0x00000000ffd00000, 0x0000000100000000)
  eden space 197120K, 100% used [0x00000000eab00000,0x00000000f6b80000,0x00000000f6b80000)
  from space 72704K, 10% used [0x00000000f6b80000,0x00000000f734e3f8,0x00000000fb280000)
  to   space 71680K, 0% used [0x00000000fb700000,0x00000000fb700000,0x00000000ffd00000)
 ParOldGen       total 184832K, used 63289K [0x00000000c0000000, 0x00000000cb480000, 0x00000000eab00000)
  object space 184832K, 34% used [0x00000000c0000000,0x00000000c3dce5b0,0x00000000cb480000)
 Metaspace       used 68958K, capacity 72202K, committed 72448K, reserved 1112064K
  class space    used 8975K, capacity 9639K, committed 9728K, reserved 1048576K
Event: 640.354 GC heap after
Heap after GC invocations=40 (full 6):
 PSYoungGen      total 274432K, used 13462K [0x00000000eab00000, 0x00000000ffb00000, 0x0000000100000000)
  eden space 204800K, 0% used [0x00000000eab00000,0x00000000eab00000,0x00000000f7300000)
  from space 69632K, 19% used [0x00000000fb700000,0x00000000fc425ae0,0x00000000ffb00000)
  to   space 69632K, 0% used [0x00000000f7300000,0x00000000f7300000,0x00000000fb700000)
 ParOldGen       total 184832K, used 63297K [0x00000000c0000000, 0x00000000cb480000, 0x00000000eab00000)
  object space 184832K, 34% used [0x00000000c0000000,0x00000000c3dd05b0,0x00000000cb480000)
 Metaspace       used 68958K, capacity 72202K, committed 72448K, reserved 1112064K
  class space    used 8975K, capacity 9639K, committed 9728K, reserved 1048576K
}
Event: 703.830 GC heap before
{Heap before GC invocations=41 (full 6):
 PSYoungGen      total 274432K, used 80931K [0x00000000eab00000, 0x00000000ffb00000, 0x0000000100000000)
  eden space 204800K, 32% used [0x00000000eab00000,0x00000000eece34a8,0x00000000f7300000)
  from space 69632K, 19% used [0x00000000fb700000,0x00000000fc425ae0,0x00000000ffb00000)
  to   space 69632K, 0% used [0x00000000f7300000,0x00000000f7300000,0x00000000fb700000)
 ParOldGen       total 184832K, used 63297K [0x00000000c0000000, 0x00000000cb480000, 0x00000000eab00000)
  object space 184832K, 34% used [0x00000000c0000000,0x00000000c3dd05b0,0x00000000cb480000)
 Metaspace       used 69001K, capacity 72214K, committed 72448K, reserved 1112064K
  class space    used 8976K, capacity 9641K, committed 9728K, reserved 1048576K
Event: 703.838 GC heap after
Heap after GC invocations=41 (full 6):
 PSYoungGen      total 209408K, used 4310K [0x00000000eab00000, 0x00000000ff900000, 0x0000000100000000)
  eden space 204800K, 0% used [0x00000000eab00000,0x00000000eab00000,0x00000000f7300000)
  from space 4608K, 93% used [0x00000000f7300000,0x00000000f7735ae0,0x00000000f7780000)
  to   space 68608K, 0% used [0x00000000fb600000,0x00000000fb600000,0x00000000ff900000)
 ParOldGen       total 184832K, used 63305K [0x00000000c0000000, 0x00000000cb480000, 0x00000000eab00000)
  object space 184832K, 34% used [0x00000000c0000000,0x00000000c3dd25b0,0x00000000cb480000)
 Metaspace       used 69001K, capacity 72214K, committed 72448K, reserved 1112064K
  class space    used 8976K, capacity 9641K, committed 9728K, reserved 1048576K
}
Event: 703.838 GC heap before
{Heap before GC invocations=42 (full 7):
 PSYoungGen      total 209408K, used 4310K [0x00000000eab00000, 0x00000000ff900000, 0x0000000100000000)
  eden space 204800K, 0% used [0x00000000eab00000,0x00000000eab00000,0x00000000f7300000)
  from space 4608K, 93% used [0x00000000f7300000,0x00000000f7735ae0,0x00000000f7780000)
  to   space 68608K, 0% used [0x00000000fb600000,0x00000000fb600000,0x00000000ff900000)
 ParOldGen       total 184832K, used 63305K [0x00000000c0000000, 0x00000000cb480000, 0x00000000eab00000)
  object space 184832K, 34% used [0x00000000c0000000,0x00000000c3dd25b0,0x00000000cb480000)
 Metaspace       used 69001K, capacity 72214K, committed 72448K, reserved 1112064K
  class space    used 8976K, capacity 9641K, committed 9728K, reserved 1048576K
Event: 704.365 GC heap after
Heap after GC invocations=42 (full 7):
 PSYoungGen      total 209408K, used 0K [0x00000000eab00000, 0x00000000ff900000, 0x0000000100000000)
  eden space 204800K, 0% used [0x00000000eab00000,0x00000000eab00000,0x00000000f7300000)
  from space 4608K, 0% used [0x00000000f7300000,0x00000000f7300000,0x00000000f7780000)
  to   space 68608K, 0% used [0x00000000fb600000,0x00000000fb600000,0x00000000ff900000)
 ParOldGen       total 184832K, used 64132K [0x00000000c0000000, 0x00000000cb480000, 0x00000000eab00000)
  object space 184832K, 34% used [0x00000000c0000000,0x00000000c3ea1338,0x00000000cb480000)
 Metaspace       used 69001K, capacity 72214K, committed 72448K, reserved 1112064K
  class space    used 8976K, capacity 9641K, committed 9728K, reserved 1048576K
}
Event: 781.893 GC heap before
{Heap before GC invocations=43 (full 7):
 PSYoungGen      total 209408K, used 204800K [0x00000000eab00000, 0x00000000ff900000, 0x0000000100000000)
  eden space 204800K, 100% used [0x00000000eab00000,0x00000000f7300000,0x00000000f7300000)
  from space 4608K, 0% used [0x00000000f7300000,0x00000000f7300000,0x00000000f7780000)
  to   space 68608K, 0% used [0x00000000fb600000,0x00000000fb600000,0x00000000ff900000)
 ParOldGen       total 184832K, used 64132K [0x00000000c0000000, 0x00000000cb480000, 0x00000000eab00000)
  object space 184832K, 34% used [0x00000000c0000000,0x00000000c3ea1338,0x00000000cb480000)
 Metaspace       used 69285K, capacity 72714K, committed 72960K, reserved 1112064K
  class space    used 9022K, capacity 9691K, committed 9728K, reserved 1048576K
Event: 781.934 GC heap after
Heap after GC invocations=43 (full 7):
 PSYoungGen      total 275968K, used 12256K [0x00000000eab00000, 0x0000000100000000, 0x0000000100000000)
  eden space 207360K, 0% used [0x00000000eab00000,0x00000000eab00000,0x00000000f7580000)
  from space 68608K, 17% used [0x00000000fb600000,0x00000000fc1f8040,0x00000000ff900000)
  to   space 66048K, 0% used [0x00000000f7580000,0x00000000f7580000,0x00000000fb600000)
 ParOldGen       total 184832K, used 64132K [0x00000000c0000000, 0x00000000cb480000, 0x00000000eab00000)
  object space 184832K, 34% used [0x00000000c0000000,0x00000000c3ea1338,0x00000000cb480000)
 Metaspace       used 69285K, capacity 72714K, committed 72960K, reserved 1112064K
  class space    used 9022K, capacity 9691K, committed 9728K, reserved 1048576K
}

