# JRE version: Java(TM) SE Runtime Environment (8.0_102-b14) (build 1.8.0_102-b14)
# Java VM: Java HotSpot(TM) 64-Bit Server VM (25.102-b14 mixed mode windows-amd64 compressed oops)
Heap:
 PSYoungGen      total 298496K, used 84037K [0x00000000eab00000, 0x0000000100000000, 0x0000000100000000)
  eden space 247808K, 24% used [0x00000000eab00000,0x00000000ee631428,0x00000000f9d00000)
  from space 50688K, 46% used [0x00000000f9d00000,0x00000000fb3e0220,0x00000000fce80000)
  to   space 50688K, 0% used [0x00000000fce80000,0x00000000fce80000,0x0000000100000000)
 ParOldGen       total 207872K, used 123341K [0x00000000c0000000, 0x00000000ccb00000, 0x00000000eab00000)
  object space 207872K, 59% used [0x00000000c0000000,0x00000000c7873648,0x00000000ccb00000)
 Metaspace       used 6508K, capacity 7192K, committed 7424K, reserved 1056768K
  class space    used 616K, capacity 656K, committed 768K, reserved 1048576K
GC Heap History (10 events):
Event: 17.285 GC heap before
{Heap before GC invocations=7 (full 0):
 PSYoungGen      total 216576K, used 214309K [0x00000000eab00000, 0x00000000fa000000, 0x0000000100000000)
  eden space 193024K, 100% used [0x00000000eab00000,0x00000000f6780000,0x00000000f6780000)
  from space 23552K, 90% used [0x00000000f8200000,0x00000000f96c95d8,0x00000000f9900000)
  to   space 27136K, 0% used [0x00000000f6780000,0x00000000f6780000,0x00000000f8200000)
 ParOldGen       total 65536K, used 35492K [0x00000000c0000000, 0x00000000c4000000, 0x00000000eab00000)
  object space 65536K, 54% used [0x00000000c0000000,0x00000000c22a9358,0x00000000c4000000)
 Metaspace       used 6464K, capacity 7192K, committed 7424K, reserved 1056768K
  class space    used 615K, capacity 656K, committed 768K, reserved 1048576K
Event: 18.566 GC heap after
Heap after GC invocations=7 (full 0):
 PSYoungGen      total 220160K, used 27113K [0x00000000eab00000, 0x0000000100000000, 0x0000000100000000)
  eden space 193024K, 0% used [0x00000000eab00000,0x00000000eab00000,0x00000000f6780000)
  from space 27136K, 99% used [0x00000000f6780000,0x00000000f81fa680,0x00000000f8200000)
  to   space 43008K, 0% used [0x00000000fd600000,0x00000000fd600000,0x0000000100000000)
 ParOldGen       total 65536K, used 55892K [0x00000000c0000000, 0x00000000c4000000, 0x00000000eab00000)
  object space 65536K, 85% used [0x00000000c0000000,0x00000000c3695190,0x00000000c4000000)
 Metaspace       used 6464K, capacity 7192K, committed 7424K, reserved 1056768K
  class space    used 615K, capacity 656K, committed 768K, reserved 1048576K
}
Event: 18.566 GC heap before
{Heap before GC invocations=8 (full 1):
 PSYoungGen      total 220160K, used 27113K [0x00000000eab00000, 0x0000000100000000, 0x0000000100000000)
  eden space 193024K, 0% used [0x00000000eab00000,0x00000000eab00000,0x00000000f6780000)
  from space 27136K, 99% used [0x00000000f6780000,0x00000000f81fa680,0x00000000f8200000)
  to   space 43008K, 0% used [0x00000000fd600000,0x00000000fd600000,0x0000000100000000)
 ParOldGen       total 65536K, used 55892K [0x00000000c0000000, 0x00000000c4000000, 0x00000000eab00000)
  object space 65536K, 85% used [0x00000000c0000000,0x00000000c3695190,0x00000000c4000000)
 Metaspace       used 6464K, capacity 7192K, committed 7424K, reserved 1056768K
  class space    used 615K, capacity 656K, committed 768K, reserved 1048576K
Event: 20.080 GC heap after
Heap after GC invocations=8 (full 1):
 PSYoungGen      total 220160K, used 14181K [0x00000000eab00000, 0x0000000100000000, 0x0000000100000000)
  eden space 193024K, 0% used [0x00000000eab00000,0x00000000eab00000,0x00000000f6780000)
  from space 27136K, 52% used [0x00000000f6780000,0x00000000f7559770,0x00000000f8200000)
  to   space 43008K, 0% used [0x00000000fd600000,0x00000000fd600000,0x0000000100000000)
 ParOldGen       total 123392K, used 65504K [0x00000000c0000000, 0x00000000c7880000, 0x00000000eab00000)
  object space 123392K, 53% used [0x00000000c0000000,0x00000000c3ff8398,0x00000000c7880000)
 Metaspace       used 6464K, capacity 7192K, committed 7424K, reserved 1056768K
  class space    used 615K, capacity 656K, committed 768K, reserved 1048576K
}
Event: 21.356 GC heap before
{Heap before GC invocations=9 (full 1):
 PSYoungGen      total 220160K, used 207205K [0x00000000eab00000, 0x0000000100000000, 0x0000000100000000)
  eden space 193024K, 100% used [0x00000000eab00000,0x00000000f6780000,0x00000000f6780000)
  from space 27136K, 52% used [0x00000000f6780000,0x00000000f7559770,0x00000000f8200000)
  to   space 43008K, 0% used [0x00000000fd600000,0x00000000fd600000,0x0000000100000000)
 ParOldGen       total 123392K, used 65504K [0x00000000c0000000, 0x00000000c7880000, 0x00000000eab00000)
  object space 123392K, 53% used [0x00000000c0000000,0x00000000c3ff8398,0x00000000c7880000)
 Metaspace       used 6494K, capacity 7192K, committed 7424K, reserved 1056768K
  class space    used 615K, capacity 656K, committed 768K, reserved 1048576K
Event: 21.877 GC heap after
Heap after GC invocations=9 (full 1):
 PSYoungGen      total 290816K, used 42445K [0x00000000eab00000, 0x0000000100000000, 0x0000000100000000)
  eden space 247808K, 0% used [0x00000000eab00000,0x00000000eab00000,0x00000000f9d00000)
  from space 43008K, 98% used [0x00000000fd600000,0x00000000fff734e0,0x0000000100000000)
  to   space 50688K, 0% used [0x00000000f9d00000,0x00000000f9d00000,0x00000000fce80000)
 ParOldGen       total 123392K, used 65528K [0x00000000c0000000, 0x00000000c7880000, 0x00000000eab00000)
  object space 123392K, 53% used [0x00000000c0000000,0x00000000c3ffe398,0x00000000c7880000)
 Metaspace       used 6494K, capacity 7192K, committed 7424K, reserved 1056768K
  class space    used 615K, capacity 656K, committed 768K, reserved 1048576K
}
Event: 24.979 GC heap before
{Heap before GC invocations=10 (full 1):
 PSYoungGen      total 290816K, used 290253K [0x00000000eab00000, 0x0000000100000000, 0x0000000100000000)
  eden space 247808K, 100% used [0x00000000eab00000,0x00000000f9d00000,0x00000000f9d00000)
  from space 43008K, 98% used [0x00000000fd600000,0x00000000fff734e0,0x0000000100000000)
  to   space 50688K, 0% used [0x00000000f9d00000,0x00000000f9d00000,0x00000000fce80000)
 ParOldGen       total 123392K, used 65528K [0x00000000c0000000, 0x00000000c7880000, 0x00000000eab00000)
  object space 123392K, 53% used [0x00000000c0000000,0x00000000c3ffe398,0x00000000c7880000)
 Metaspace       used 6500K, capacity 7192K, committed 7424K, reserved 1056768K
  class space    used 616K, capacity 656K, committed 768K, reserved 1048576K
Event: 26.354 GC heap after
Heap after GC invocations=10 (full 1):
 PSYoungGen      total 298496K, used 50660K [0x00000000eab00000, 0x0000000100000000, 0x0000000100000000)
  eden space 247808K, 0% used [0x00000000eab00000,0x00000000eab00000,0x00000000f9d00000)
  from space 50688K, 99% used [0x00000000f9d00000,0x00000000fce790f8,0x00000000fce80000)
  to   space 50688K, 0% used [0x00000000fce80000,0x00000000fce80000,0x0000000100000000)
 ParOldGen       total 123392K, used 98094K [0x00000000c0000000, 0x00000000c7880000, 0x00000000eab00000)
  object space 123392K, 79% used [0x00000000c0000000,0x00000000c5fcbb18,0x00000000c7880000)
 Metaspace       used 6500K, capacity 7192K, committed 7424K, reserved 1056768K
  class space    used 616K, capacity 656K, committed 768K, reserved 1048576K
}
Event: 26.354 GC heap before
{Heap before GC invocations=11 (full 2):
 PSYoungGen      total 298496K, used 50660K [0x00000000eab00000, 0x0000000100000000, 0x0000000100000000)
  eden space 247808K, 0% used [0x00000000eab00000,0x00000000eab00000,0x00000000f9d00000)
  from space 50688K, 99% used [0x00000000f9d00000,0x00000000fce790f8,0x00000000fce80000)
  to   space 50688K, 0% used [0x00000000fce80000,0x00000000fce80000,0x0000000100000000)
 ParOldGen       total 123392K, used 98094K [0x00000000c0000000, 0x00000000c7880000, 0x00000000eab00000)
  object space 123392K, 79% used [0x00000000c0000000,0x00000000c5fcbb18,0x00000000c7880000)
 Metaspace       used 6500K, capacity 7192K, committed 7424K, reserved 1056768K
  class space    used 616K, capacity 656K, committed 768K, reserved 1048576K
Event: 29.541 GC heap after
Heap after GC invocations=11 (full 2):
 PSYoungGen      total 298496K, used 23424K [0x00000000eab00000, 0x0000000100000000, 0x0000000100000000)
  eden space 247808K, 0% used [0x00000000eab00000,0x00000000eab00000,0x00000000f9d00000)
  from space 50688K, 46% used [0x00000000f9d00000,0x00000000fb3e0220,0x00000000fce80000)
  to   space 50688K, 0% used [0x00000000fce80000,0x00000000fce80000,0x0000000100000000)
 ParOldGen       total 207872K, used 123341K [0x00000000c0000000, 0x00000000ccb00000, 0x00000000eab00000)
  object space 207872K, 59% used [0x00000000c0000000,0x00000000c7873648,0x00000000ccb00000)
 Metaspace       used 6500K, capacity 7192K, committed 7424K, reserved 1056768K
  class space    used 616K, capacity 656K, committed 768K, reserved 1048576K
}

